[debug] [2026-03-09T21:37:59.223Z] ----------------------------------------------------------------------
[debug] [2026-03-09T21:37:59.233Z] Command:       /Users/devprofile/.nvm/versions/node/v24.14.0/bin/node /Users/devprofile/.nvm/versions/node/v20.19.2/bin/firebase deploy
[debug] [2026-03-09T21:37:59.234Z] CLI Version:   15.1.0
[debug] [2026-03-09T21:37:59.234Z] Platform:      darwin
[debug] [2026-03-09T21:37:59.234Z] Node Version:  v24.14.0
[debug] [2026-03-09T21:37:59.234Z] Time:          Tue Mar 10 2026 02:37:59 GMT+0500 (Pakistan Standard Time)
[debug] [2026-03-09T21:37:59.234Z] ----------------------------------------------------------------------
[debug] 
[debug] [2026-03-09T21:37:59.236Z] >>> [apiv2][query] GET https://firebase-public.firebaseio.com/cli.json [none]
[debug] [2026-03-09T21:38:01.294Z] > command requires scopes: ["email","openid","https://www.googleapis.com/auth/cloudplatformprojects.readonly","https://www.googleapis.com/auth/firebase","https://www.googleapis.com/auth/cloud-platform"]
[debug] [2026-03-09T21:38:01.294Z] > authorizing via signed-in user (info.3ddev@gmail.com)
[debug] [2026-03-09T21:38:01.294Z] [iam] checking project xqbtsterminal for permissions ["cloudfunctions.functions.create","cloudfunctions.functions.delete","cloudfunctions.functions.get","cloudfunctions.functions.list","cloudfunctions.functions.update","cloudfunctions.operations.get","datastore.indexes.create","datastore.indexes.delete","datastore.indexes.list","datastore.indexes.update","firebase.projects.get",null]
[debug] [2026-03-09T21:38:01.295Z] No OAuth tokens found
[debug] [2026-03-09T21:38:01.295Z] No OAuth tokens found
[debug] [2026-03-09T21:38:01.295Z] > refreshing access token with scopes: []
[debug] [2026-03-09T21:38:01.296Z] >>> [apiv2][query] POST https://www.googleapis.com/oauth2/v3/token [none]
[debug] [2026-03-09T21:38:01.297Z] >>> [apiv2][body] POST https://www.googleapis.com/oauth2/v3/token [omitted]
[debug] [2026-03-09T21:38:01.686Z] <<< [apiv2][status] POST https://www.googleapis.com/oauth2/v3/token 200
[debug] [2026-03-09T21:38:01.686Z] <<< [apiv2][body] POST https://www.googleapis.com/oauth2/v3/token [omitted]
[debug] [2026-03-09T21:38:01.710Z] >>> [apiv2][query] POST https://cloudresourcemanager.googleapis.com/v1/projects/xqbtsterminal:testIamPermissions [none]
[debug] [2026-03-09T21:38:01.711Z] >>> [apiv2][(partial)header] POST https://cloudresourcemanager.googleapis.com/v1/projects/xqbtsterminal:testIamPermissions x-goog-quota-user=projects/xqbtsterminal
[debug] [2026-03-09T21:38:01.711Z] >>> [apiv2][body] POST https://cloudresourcemanager.googleapis.com/v1/projects/xqbtsterminal:testIamPermissions {"permissions":["cloudfunctions.functions.create","cloudfunctions.functions.delete","cloudfunctions.functions.get","cloudfunctions.functions.list","cloudfunctions.functions.update","cloudfunctions.operations.get","datastore.indexes.create","datastore.indexes.delete","datastore.indexes.list","datastore.indexes.update","firebase.projects.get",null]}
[debug] [2026-03-09T21:38:01.847Z] <<< [apiv2][status] GET https://firebase-public.firebaseio.com/cli.json 200
[debug] [2026-03-09T21:38:01.847Z] <<< [apiv2][body] GET https://firebase-public.firebaseio.com/cli.json {"cloudBuildErrorAfter":1594252800000,"cloudBuildWarnAfter":1590019200000,"defaultNode10After":1594252800000,"minVersion":"3.0.5","node8DeploysDisabledAfter":1613390400000,"node8RuntimeDisabledAfter":1615809600000,"node8WarnAfter":1600128000000}
[debug] [2026-03-09T21:38:03.369Z] <<< [apiv2][status] POST https://cloudresourcemanager.googleapis.com/v1/projects/xqbtsterminal:testIamPermissions 200
[debug] [2026-03-09T21:38:03.369Z] <<< [apiv2][body] POST https://cloudresourcemanager.googleapis.com/v1/projects/xqbtsterminal:testIamPermissions {"permissions":["cloudfunctions.functions.create","cloudfunctions.functions.delete","cloudfunctions.functions.get","cloudfunctions.functions.list","cloudfunctions.functions.update","cloudfunctions.operations.get","datastore.indexes.create","datastore.indexes.delete","datastore.indexes.list","datastore.indexes.update","firebase.projects.get"]}
[debug] [2026-03-09T21:38:03.369Z] [iam] error while checking permissions, command may fail: Authorization failed. This account is missing the following required permissions on project xqbtsterminal:

  
[debug] [2026-03-09T21:38:03.370Z] Checked if tokens are valid: true, expires at: 1773095880686
[debug] [2026-03-09T21:38:03.370Z] Checked if tokens are valid: true, expires at: 1773095880686
[debug] [2026-03-09T21:38:03.370Z] >>> [apiv2][query] POST https://iam.googleapis.com/v1/projects/xqbtsterminal/serviceAccounts/xqbtsterminal@appspot.gserviceaccount.com:testIamPermissions [none]
[debug] [2026-03-09T21:38:03.370Z] >>> [apiv2][body] POST https://iam.googleapis.com/v1/projects/xqbtsterminal/serviceAccounts/xqbtsterminal@appspot.gserviceaccount.com:testIamPermissions {"permissions":["iam.serviceAccounts.actAs"]}
[debug] [2026-03-09T21:38:04.009Z] <<< [apiv2][status] POST https://iam.googleapis.com/v1/projects/xqbtsterminal/serviceAccounts/xqbtsterminal@appspot.gserviceaccount.com:testIamPermissions 200
[debug] [2026-03-09T21:38:04.009Z] <<< [apiv2][body] POST https://iam.googleapis.com/v1/projects/xqbtsterminal/serviceAccounts/xqbtsterminal@appspot.gserviceaccount.com:testIamPermissions {"permissions":["iam.serviceAccounts.actAs"]}
[info] 
[info] === Deploying to 'xqbtsterminal'...
[info] 
[info] i  deploying firestore, functions, apphosting 
[info] Running command: npm --prefix "$RESOURCE_DIR" run lint
[info] Running command: npm --prefix "$RESOURCE_DIR" run build
